{"name": "Заказы пользователя из раздела «История заказов» отображаются на странице «Лента заказов»", "status": "broken", "statusDetails": {"message": "selenium.common.exceptions.TimeoutException: Message: \nStacktrace:\nRemoteError@chrome://remote/content/shared/RemoteError.sys.mjs:8:8\nWebDriverError@chrome://remote/content/shared/webdriver/Errors.sys.mjs:192:5\nNoSuchElementError@chrome://remote/content/shared/webdriver/Errors.sys.mjs:510:5\ndom.find/</<@chrome://remote/content/shared/DOM.sys.mjs:136:16", "trace": "self = <Diplom_3.tests.test_orders.TestOrdersFeed object at 0x10a648510>\nauthorize_user = {'credentials': {'email': 'ggbeffnf@ya.ru', 'name': 'ajdgvfzo', 'password': 'xmtdnfqbrgqg'}, 'main_page': <Diplom_3.pages.main_page.MainPage object at 0x10a5f31d0>}\n\n    @allure.title('Заказы пользователя из раздела «История заказов» отображаются на странице «Лента заказов»')\n    @allure.description('Тест проверяет отображение заказов из истории заказов на странице Лента заказов')\n    def test_orders_from_orders_history_presented_in_the_orders_feed(self, authorize_user):\n        credentials = authorize_user['credentials']\n        main_page = authorize_user['main_page']\n        main_page.create_order(credentials)\n        main_page.get_account_link().click()\n        main_page.wait_for_url(5, URL_ACCOUNT_PROFILE)\n        account_page = AccountPage(main_page.get_driver())\n        account_page.get_orders_history_link().click()\n        account_page.wait_for_url(5, URL_ACCOUNT_ORDERS_HISTORY)\n>       account_page.wait_until_visible(5, AccountPageLocators.TEXT_ORDER_ID)\n\nDiplom_3/tests/test_orders.py:33: \n_ _ _ _ _ _ _ _ _ _ _ _ _ _ _ _ _ _ _ _ _ _ _ _ _ _ _ _ _ _ _ _ _ _ _ _ _ _ _ _ _ _ _ _ _ _ _ _ _ _ _ _ _ _ _ _ _ _ _\nDiplom_3/pages/base_page.py:80: in wait_until_visible\n    WebDriverWait(self.driver, timeout).until(expected_conditions.visibility_of_element_located(locator))\n_ _ _ _ _ _ _ _ _ _ _ _ _ _ _ _ _ _ _ _ _ _ _ _ _ _ _ _ _ _ _ _ _ _ _ _ _ _ _ _ _ _ _ _ _ _ _ _ _ _ _ _ _ _ _ _ _ _ _\n\nself = <selenium.webdriver.support.wait.WebDriverWait (session=\"e4c41fd9-b2c8-426f-b3e7-14e914588c7e\")>\nmethod = <function visibility_of_element_located.<locals>._predicate at 0x10a64d6c0>, message = ''\n\n    def until(self, method: Callable[[D], Union[Literal[False], T]], message: str = \"\") -> T:\n        \"\"\"Calls the method provided with the driver as an argument until the \\\n        return value does not evaluate to ``False``.\n    \n        :param method: callable(WebDriver)\n        :param message: optional message for :exc:`TimeoutException`\n        :returns: the result of the last call to `method`\n        :raises: :exc:`selenium.common.exceptions.TimeoutException` if timeout occurs\n        \"\"\"\n        screen = None\n        stacktrace = None\n    \n        end_time = time.monotonic() + self._timeout\n        while True:\n            try:\n                value = method(self._driver)\n                if value:\n                    return value\n            except self._ignored_exceptions as exc:\n                screen = getattr(exc, \"screen\", None)\n                stacktrace = getattr(exc, \"stacktrace\", None)\n            time.sleep(self._poll)\n            if time.monotonic() > end_time:\n                break\n>       raise TimeoutException(message, screen, stacktrace)\nE       selenium.common.exceptions.TimeoutException: Message: \nE       Stacktrace:\nE       RemoteError@chrome://remote/content/shared/RemoteError.sys.mjs:8:8\nE       WebDriverError@chrome://remote/content/shared/webdriver/Errors.sys.mjs:192:5\nE       NoSuchElementError@chrome://remote/content/shared/webdriver/Errors.sys.mjs:510:5\nE       dom.find/</<@chrome://remote/content/shared/DOM.sys.mjs:136:16\n\n.venv/lib/python3.11/site-packages/selenium/webdriver/support/wait.py:105: TimeoutException"}, "description": "Тест проверяет отображение заказов из истории заказов на странице Лента заказов", "steps": [{"name": "Создаём заказ", "status": "passed", "steps": [{"name": "Перетащить первый ингредиент на верхний слот ингредиентов", "status": "passed", "steps": [{"name": "Найти ссылку на первый ингредиент", "status": "passed", "steps": [{"name": "Ищем элемент на странице", "status": "passed", "parameters": [{"name": "locator", "value": "('xpath', '(.//div[contains(@class,\"BurgerIngredient_ingredient\")])[1]')"}], "start": 1716060905545, "stop": 1716060905547}], "start": 1716060905545, "stop": 1716060905547}, {"name": "Ищем элемент на странице", "status": "passed", "parameters": [{"name": "locator", "value": "('xpath', './/div[contains(@class,\"constructor-element constructor-element_pos_top\")]')"}], "start": 1716060905547, "stop": 1716060905550}, {"name": "Перетаскиваем элемент", "status": "passed", "parameters": [{"name": "drag_element", "value": "<selenium.webdriver.remote.webelement.WebElement (session=\"e4c41fd9-b2c8-426f-b3e7-14e914588c7e\", element=\"06ccb85f-22a3-48b3-942d-b160840ba6ed\")>"}, {"name": "drop_element", "value": "<selenium.webdriver.remote.webelement.WebElement (session=\"e4c41fd9-b2c8-426f-b3e7-14e914588c7e\", element=\"7f62024a-559d-4510-ab33-d5c8319a540d\")>"}], "start": 1716060905550, "stop": 1716060906101}], "start": 1716060905545, "stop": 1716060906101}, {"name": "Найти кнопку для создания заказа", "status": "passed", "steps": [{"name": "Ищем элемент на странице", "status": "passed", "parameters": [{"name": "locator", "value": "('xpath', './/button[text()=\"Оформить заказ\"]')"}], "start": 1716060906102, "stop": 1716060906106}], "start": 1716060906101, "stop": 1716060906106}, {"name": "Проверяем, исчезнет ли заданный текст за отведённое время", "status": "passed", "parameters": [{"name": "timeout", "value": "15"}, {"name": "locator", "value": "('xpath', './/div[contains(@class,\"Modal_modal__contentBox\")]/h2')"}, {"name": "text", "value": "'9999'"}], "start": 1716060906325, "stop": 1716060921727}, {"name": "Найти кнопку для закрытия модального окна", "status": "passed", "steps": [{"name": "Ищем элемент на странице", "status": "passed", "parameters": [{"name": "locator", "value": "('xpath', './/button[contains(@class,\"Modal_modal__close_modified\")]')"}], "start": 1716060921727, "stop": 1716060921734}], "start": 1716060921727, "stop": 1716060921734}], "parameters": [{"name": "credentials", "value": "{'email': 'ggbeffnf@ya.ru', 'password': 'xmtdnfqbrgqg', 'name': 'ajdgvfzo'}"}], "start": 1716060905544, "stop": 1716060921964}, {"name": "Найти ссылку на \"Личный Кабинет\"", "status": "passed", "steps": [{"name": "Ищем элемент на странице", "status": "passed", "parameters": [{"name": "locator", "value": "('xpath', './/a[@href=\"/account\"]')"}], "start": 1716060921965, "stop": 1716060921975}], "start": 1716060921965, "stop": 1716060921975}, {"name": "Ожидаем, пока не загрузится URL", "status": "passed", "parameters": [{"name": "timeout", "value": "5"}, {"name": "url", "value": "'https://stellarburgers.nomoreparties.site/account/profile'"}], "start": 1716060922223, "stop": 1716060922733}, {"name": "Найти ссылку \"История заказов\"", "status": "passed", "steps": [{"name": "Ищем элемент на странице", "status": "passed", "parameters": [{"name": "locator", "value": "('xpath', './/a[@href=\"/account/order-history\"]')"}], "start": 1716060922733, "stop": 1716060922736}], "start": 1716060922733, "stop": 1716060922736}, {"name": "Ожидаем, пока не загрузится URL", "status": "passed", "parameters": [{"name": "timeout", "value": "5"}, {"name": "url", "value": "'https://stellarburgers.nomoreparties.site/account/order-history'"}], "start": 1716060922956, "stop": 1716060922958}, {"name": "Ожидаем, пока элемент не станет видимым", "status": "broken", "statusDetails": {"message": "selenium.common.exceptions.TimeoutException: Message: \nStacktrace:\nRemoteError@chrome://remote/content/shared/RemoteError.sys.mjs:8:8\nWebDriverError@chrome://remote/content/shared/webdriver/Errors.sys.mjs:192:5\nNoSuchElementError@chrome://remote/content/shared/webdriver/Errors.sys.mjs:510:5\ndom.find/</<@chrome://remote/content/shared/DOM.sys.mjs:136:16\n\n", "trace": "  File \"/Users/elvira/PycharmProjects/Diplm3/.venv/lib/python3.11/site-packages/allure_commons/_allure.py\", line 192, in impl\n    return func(*a, **kw)\n           ^^^^^^^^^^^^^^\n  File \"/Users/elvira/PycharmProjects/Diplm3/Diplom_3/pages/base_page.py\", line 80, in wait_until_visible\n    WebDriverWait(self.driver, timeout).until(expected_conditions.visibility_of_element_located(locator))\n  File \"/Users/elvira/PycharmProjects/Diplm3/.venv/lib/python3.11/site-packages/selenium/webdriver/support/wait.py\", line 105, in until\n    raise TimeoutException(message, screen, stacktrace)\n"}, "parameters": [{"name": "timeout", "value": "5"}, {"name": "locator", "value": "('xpath', './/a/div/p[contains(@class,\"text_type_digits-default\")]')"}], "start": 1716060922958, "stop": 1716060928027}], "parameters": [{"name": "driver", "value": "'firefox'"}], "start": 1716060905544, "stop": 1716060928030, "uuid": "96c57e46-59a9-4e3f-b825-474b31ea885c", "historyId": "1b0b065b2289cced5d6ffc96ee3d677d", "testCaseId": "2ddf8f4bb9239fecebca259a29a86e04", "fullName": "Diplom_3.tests.test_orders.TestOrdersFeed#test_orders_from_orders_history_presented_in_the_orders_feed", "labels": [{"name": "parentSuite", "value": "Diplom_3.tests"}, {"name": "suite", "value": "test_orders"}, {"name": "subSuite", "value": "TestOrdersFeed"}, {"name": "host", "value": "MacBook-Pro-Grigorij.local"}, {"name": "thread", "value": "41748-MainThread"}, {"name": "framework", "value": "pytest"}, {"name": "language", "value": "cpython3"}, {"name": "package", "value": "Diplom_3.tests.test_orders"}]}