{"name": "При создании нового заказа счётчик \"Выполнено за всё_время/сегодня\" увеличивается", "status": "failed", "statusDetails": {"message": "AssertionError: Счётчик не увеличился после создания заказа\nassert 311 < 309\n +  where 311 = int('311')\n +  and   309 = int('309')", "trace": "self = <Diplom_3.tests.test_orders.TestOrdersFeed object at 0x10a63fe50>\nauthorize_user = {'credentials': {'email': 'espffutz@ya.ru', 'name': 'dlggntvy', 'password': 'mpqaxhqisidf'}, 'main_page': <Diplom_3.pages.main_page.MainPage object at 0x10a667d10>}\nlocator = ('xpath', '(.//p[contains(@class,\"OrderFeed_number\")])[2]')\n\n    @allure.title('При создании нового заказа счётчик \"Выполнено за всё_время/сегодня\" увеличивается')\n    @allure.description('Тест проверяет увеличение счётчика при создании нового заказа')\n    @pytest.mark.parametrize(\n        'locator',\n        [\n            FeedPageLocators.TEXT_COUNTER_DONE_BY_ALL_TIME,\n            FeedPageLocators.TEXT_COUNTER_DONE_BY_TODAY,\n        ]\n    )\n    def test_create_new_order_updates_done_by_all_time_counter(self, authorize_user, locator):\n        credentials = authorize_user['credentials']\n        main_page = authorize_user['main_page']\n        main_page.get_orders_feed_link().click()\n        main_page.wait_for_url(5, URL_ORDERS_FEED)\n        feed_page = FeedPage(main_page.get_driver())\n        feed_page.wait_until_visible(5, locator)\n        counter_before = feed_page.find_element(locator).text\n    \n        feed_page.get_constructor_link().click()\n        feed_page.wait_for_url(5, URL_HOME)\n        main_page = MainPage(feed_page.get_driver())\n        main_page.create_order(credentials)\n    \n        main_page.get_orders_feed_link().click()\n        main_page.wait_for_url(5, URL_ORDERS_FEED)\n        feed_page = FeedPage(main_page.get_driver())\n        feed_page.wait_for_text_not_equals(5, locator, counter_before)\n        counter_after = feed_page.find_element(locator).text\n    \n>       assert int(counter_before) < int(counter_after), \"Счётчик не увеличился после создания заказа\"\nE       AssertionError: Счётчик не увеличился после создания заказа\nE       assert 311 < 309\nE        +  where 311 = int('311')\nE        +  and   309 = int('309')\n\nDiplom_3/tests/test_orders.py:72: AssertionError"}, "description": "Тест проверяет увеличение счётчика при создании нового заказа", "steps": [{"name": "Найти ссылку на \"Лента заказов\"", "status": "passed", "steps": [{"name": "Ищем элемент на странице", "status": "passed", "parameters": [{"name": "locator", "value": "('xpath', './/a[@href=\"/feed\"]')"}], "start": 1716060977192, "stop": 1716060977225}], "start": 1716060977191, "stop": 1716060977225}, {"name": "Ожидаем, пока не загрузится URL", "status": "passed", "parameters": [{"name": "timeout", "value": "5"}, {"name": "url", "value": "'https://stellarburgers.nomoreparties.site/feed'"}], "start": 1716060977277, "stop": 1716060977279}, {"name": "Ожидаем, пока элемент не станет видимым", "status": "passed", "parameters": [{"name": "timeout", "value": "5"}, {"name": "locator", "value": "('xpath', '(.//p[contains(@class,\"OrderFeed_number\")])[2]')"}], "start": 1716060977280, "stop": 1716060977811}, {"name": "Ищем элемент на странице", "status": "passed", "parameters": [{"name": "locator", "value": "('xpath', '(.//p[contains(@class,\"OrderFeed_number\")])[2]')"}], "start": 1716060977811, "stop": 1716060977814}, {"name": "Найти ссылку на \"Конструктор\"", "status": "passed", "steps": [{"name": "Ищем элемент на странице", "status": "passed", "parameters": [{"name": "locator", "value": "('xpath', './/a[@href=\"/\"]')"}], "start": 1716060977826, "stop": 1716060977830}], "start": 1716060977826, "stop": 1716060977830}, {"name": "Ожидаем, пока не загрузится URL", "status": "passed", "parameters": [{"name": "timeout", "value": "5"}, {"name": "url", "value": "'https://stellarburgers.nomoreparties.site/'"}], "start": 1716060978084, "stop": 1716060978088}, {"name": "Создаём заказ", "status": "passed", "steps": [{"name": "Перетащить первый ингредиент на верхний слот ингредиентов", "status": "passed", "steps": [{"name": "Найти ссылку на первый ингредиент", "status": "passed", "steps": [{"name": "Ищем элемент на странице", "status": "passed", "parameters": [{"name": "locator", "value": "('xpath', '(.//div[contains(@class,\"BurgerIngredient_ingredient\")])[1]')"}], "start": 1716060978090, "stop": 1716060978095}], "start": 1716060978090, "stop": 1716060978095}, {"name": "Ищем элемент на странице", "status": "passed", "parameters": [{"name": "locator", "value": "('xpath', './/div[contains(@class,\"constructor-element constructor-element_pos_top\")]')"}], "start": 1716060978095, "stop": 1716060978097}, {"name": "Перетаскиваем элемент", "status": "passed", "parameters": [{"name": "drag_element", "value": "<selenium.webdriver.remote.webelement.WebElement (session=\"ff5faccf-068c-4bad-bb43-87305096e73e\", element=\"792e5afe-8cb8-4ce9-a302-89a1818141fc\")>"}, {"name": "drop_element", "value": "<selenium.webdriver.remote.webelement.WebElement (session=\"ff5faccf-068c-4bad-bb43-87305096e73e\", element=\"e43a0c09-3eae-4c4e-b1fb-f07e302b7c8b\")>"}], "start": 1716060978097, "stop": 1716060978645}], "start": 1716060978090, "stop": 1716060978645}, {"name": "Найти кнопку для создания заказа", "status": "passed", "steps": [{"name": "Ищем элемент на странице", "status": "passed", "parameters": [{"name": "locator", "value": "('xpath', './/button[text()=\"Оформить заказ\"]')"}], "start": 1716060978646, "stop": 1716060978648}], "start": 1716060978646, "stop": 1716060978648}, {"name": "Проверяем, исчезнет ли заданный текст за отведённое время", "status": "passed", "parameters": [{"name": "timeout", "value": "15"}, {"name": "locator", "value": "('xpath', './/div[contains(@class,\"Modal_modal__contentBox\")]/h2')"}, {"name": "text", "value": "'9999'"}], "start": 1716060978869, "stop": 1716060994203}, {"name": "Найти кнопку для закрытия модального окна", "status": "passed", "steps": [{"name": "Ищем элемент на странице", "status": "passed", "parameters": [{"name": "locator", "value": "('xpath', './/button[contains(@class,\"Modal_modal__close_modified\")]')"}], "start": 1716060994203, "stop": 1716060994207}], "start": 1716060994203, "stop": 1716060994207}], "parameters": [{"name": "credentials", "value": "{'email': 'espffutz@ya.ru', 'password': 'mpqaxhqisidf', 'name': 'dlggntvy'}"}], "start": 1716060978089, "stop": 1716060994436}, {"name": "Найти ссылку на \"Лента заказов\"", "status": "passed", "steps": [{"name": "Ищем элемент на странице", "status": "passed", "parameters": [{"name": "locator", "value": "('xpath', './/a[@href=\"/feed\"]')"}], "start": 1716060994437, "stop": 1716060994439}], "start": 1716060994436, "stop": 1716060994439}, {"name": "Ожидаем, пока не загрузится URL", "status": "passed", "parameters": [{"name": "timeout", "value": "5"}, {"name": "url", "value": "'https://stellarburgers.nomoreparties.site/feed'"}], "start": 1716060994465, "stop": 1716060994469}, {"name": "Проверяем, исчезнет ли заданный текст за отведённое время", "status": "passed", "parameters": [{"name": "timeout", "value": "5"}, {"name": "locator", "value": "('xpath', '(.//p[contains(@class,\"OrderFeed_number\")])[2]')"}, {"name": "text", "value": "'311'"}], "start": 1716060994469, "stop": 1716060995030}, {"name": "Ищем элемент на странице", "status": "passed", "parameters": [{"name": "locator", "value": "('xpath', '(.//p[contains(@class,\"OrderFeed_number\")])[2]')"}], "start": 1716060995030, "stop": 1716060995036}], "parameters": [{"name": "driver", "value": "'firefox'"}, {"name": "locator", "value": "('xpath', '(.//p[contains(@class,\"OrderFeed_number\")])[2]')"}], "start": 1716060977191, "stop": 1716060995048, "uuid": "6e9d6039-a2f6-41a5-be44-0d5b97afbed1", "historyId": "5272536f67319be9746e99443c49e01d", "testCaseId": "271cf530045f2cae468957ab904e12af", "fullName": "Diplom_3.tests.test_orders.TestOrdersFeed#test_create_new_order_updates_done_by_all_time_counter", "labels": [{"name": "parentSuite", "value": "Diplom_3.tests"}, {"name": "suite", "value": "test_orders"}, {"name": "subSuite", "value": "TestOrdersFeed"}, {"name": "host", "value": "MacBook-Pro-Grigorij.local"}, {"name": "thread", "value": "41748-MainThread"}, {"name": "framework", "value": "pytest"}, {"name": "language", "value": "cpython3"}, {"name": "package", "value": "Diplom_3.tests.test_orders"}]}