{"name": "После оформления заказа его номер появляется в разделе В работе", "status": "broken", "statusDetails": {"message": "selenium.common.exceptions.ElementNotInteractableException: Message: Element <button class=\"Modal_modal__close_modified__3V5XS Modal_modal__close__TnseK\" type=\"button\"> could not be scrolled into view\nStacktrace:\nRemoteError@chrome://remote/content/shared/RemoteError.sys.mjs:8:8\nWebDriverError@chrome://remote/content/shared/webdriver/Errors.sys.mjs:192:5\nElementNotInteractableError@chrome://remote/content/shared/webdriver/Errors.sys.mjs:352:5\nwebdriverClickElement@chrome://remote/content/marionette/interaction.sys.mjs:166:11\ninteraction.clickElement@chrome://remote/content/marionette/interaction.sys.mjs:135:11\nclickElement@chrome://remote/content/marionette/actors/MarionetteCommandsChild.sys.mjs:204:29\nreceiveMessage@chrome://remote/content/marionette/actors/MarionetteCommandsChild.sys.mjs:84:31", "trace": "self = <Diplom_3.tests.test_orders.TestOrdersFeed object at 0x10a63ca10>\nauthorize_user = {'credentials': {'email': 'gidigddl@ya.ru', 'name': 'tabppokb', 'password': 'lgggmiraqupt'}, 'main_page': <Diplom_3.pages.main_page.MainPage object at 0x10a860b90>}\n\n    @allure.title('После оформления заказа его номер появляется в разделе В работе')\n    @allure.description('Тест проверяет появление номера заказа в списке заказов в работе')\n    def test_create_new_order_updates_list_of_in_work_orders(self, authorize_user):\n        credentials = authorize_user['credentials']\n        main_page = authorize_user['main_page']\n>       order_id = main_page.create_order(credentials)['order_id']\n\nDiplom_3/tests/test_orders.py:79: \n_ _ _ _ _ _ _ _ _ _ _ _ _ _ _ _ _ _ _ _ _ _ _ _ _ _ _ _ _ _ _ _ _ _ _ _ _ _ _ _ _ _ _ _ _ _ _ _ _ _ _ _ _ _ _ _ _ _ _\nDiplom_3/pages/main_page.py:56: in create_order\n    self.get_modal_close_button().click()\nDiplom_3/pages/base_page.py:25: in <lambda>\n    element.click = lambda: self.patched_click(element, original_click)\nDiplom_3/pages/base_page.py:96: in patched_click\n    original_click()\n.venv/lib/python3.11/site-packages/selenium/webdriver/remote/webelement.py:94: in click\n    self._execute(Command.CLICK_ELEMENT)\n.venv/lib/python3.11/site-packages/selenium/webdriver/remote/webelement.py:395: in _execute\n    return self._parent.execute(command, params)\n.venv/lib/python3.11/site-packages/selenium/webdriver/remote/webdriver.py:347: in execute\n    self.error_handler.check_response(response)\n_ _ _ _ _ _ _ _ _ _ _ _ _ _ _ _ _ _ _ _ _ _ _ _ _ _ _ _ _ _ _ _ _ _ _ _ _ _ _ _ _ _ _ _ _ _ _ _ _ _ _ _ _ _ _ _ _ _ _\n\nself = <selenium.webdriver.remote.errorhandler.ErrorHandler object at 0x10a776c50>\nresponse = {'status': 400, 'value': '{\"value\":{\"error\":\"element not interactable\",\"message\":\"Element <button class=\\\\\"Modal_modal...sys.mjs:204:29\\\\nreceiveMessage@chrome://remote/content/marionette/actors/MarionetteCommandsChild.sys.mjs:84:31\\\\n\"}}'}\n\n    def check_response(self, response: Dict[str, Any]) -> None:\n        \"\"\"Checks that a JSON response from the WebDriver does not have an\n        error.\n    \n        :Args:\n         - response - The JSON response from the WebDriver server as a dictionary\n           object.\n    \n        :Raises: If the response contains an error message.\n        \"\"\"\n        status = response.get(\"status\", None)\n        if not status or status == ErrorCode.SUCCESS:\n            return\n        value = None\n        message = response.get(\"message\", \"\")\n        screen: str = response.get(\"screen\", \"\")\n        stacktrace = None\n        if isinstance(status, int):\n            value_json = response.get(\"value\", None)\n            if value_json and isinstance(value_json, str):\n                import json\n    \n                try:\n                    value = json.loads(value_json)\n                    if len(value) == 1:\n                        value = value[\"value\"]\n                    status = value.get(\"error\", None)\n                    if not status:\n                        status = value.get(\"status\", ErrorCode.UNKNOWN_ERROR)\n                        message = value.get(\"value\") or value.get(\"message\")\n                        if not isinstance(message, str):\n                            value = message\n                            message = message.get(\"message\")\n                    else:\n                        message = value.get(\"message\", None)\n                except ValueError:\n                    pass\n    \n        exception_class: Type[WebDriverException]\n        e = ErrorCode()\n        error_codes = [item for item in dir(e) if not item.startswith(\"__\")]\n        for error_code in error_codes:\n            error_info = getattr(ErrorCode, error_code)\n            if isinstance(error_info, list) and status in error_info:\n                exception_class = getattr(ExceptionMapping, error_code, WebDriverException)\n                break\n        else:\n            exception_class = WebDriverException\n    \n        if not value:\n            value = response[\"value\"]\n        if isinstance(value, str):\n            raise exception_class(value)\n        if message == \"\" and \"message\" in value:\n            message = value[\"message\"]\n    \n        screen = None  # type: ignore[assignment]\n        if \"screen\" in value:\n            screen = value[\"screen\"]\n    \n        stacktrace = None\n        st_value = value.get(\"stackTrace\") or value.get(\"stacktrace\")\n        if st_value:\n            if isinstance(st_value, str):\n                stacktrace = st_value.split(\"\\n\")\n            else:\n                stacktrace = []\n                try:\n                    for frame in st_value:\n                        line = frame.get(\"lineNumber\", \"\")\n                        file = frame.get(\"fileName\", \"<anonymous>\")\n                        if line:\n                            file = f\"{file}:{line}\"\n                        meth = frame.get(\"methodName\", \"<anonymous>\")\n                        if \"className\" in frame:\n                            meth = f\"{frame['className']}.{meth}\"\n                        msg = \"    at %s (%s)\"\n                        msg = msg % (meth, file)\n                        stacktrace.append(msg)\n                except TypeError:\n                    pass\n        if exception_class == UnexpectedAlertPresentException:\n            alert_text = None\n            if \"data\" in value:\n                alert_text = value[\"data\"].get(\"text\")\n            elif \"alert\" in value:\n                alert_text = value[\"alert\"].get(\"text\")\n            raise exception_class(message, screen, stacktrace, alert_text)  # type: ignore[call-arg]  # mypy is not smart enough here\n>       raise exception_class(message, screen, stacktrace)\nE       selenium.common.exceptions.ElementNotInteractableException: Message: Element <button class=\"Modal_modal__close_modified__3V5XS Modal_modal__close__TnseK\" type=\"button\"> could not be scrolled into view\nE       Stacktrace:\nE       RemoteError@chrome://remote/content/shared/RemoteError.sys.mjs:8:8\nE       WebDriverError@chrome://remote/content/shared/webdriver/Errors.sys.mjs:192:5\nE       ElementNotInteractableError@chrome://remote/content/shared/webdriver/Errors.sys.mjs:352:5\nE       webdriverClickElement@chrome://remote/content/marionette/interaction.sys.mjs:166:11\nE       interaction.clickElement@chrome://remote/content/marionette/interaction.sys.mjs:135:11\nE       clickElement@chrome://remote/content/marionette/actors/MarionetteCommandsChild.sys.mjs:204:29\nE       receiveMessage@chrome://remote/content/marionette/actors/MarionetteCommandsChild.sys.mjs:84:31\n\n.venv/lib/python3.11/site-packages/selenium/webdriver/remote/errorhandler.py:229: ElementNotInteractableException"}, "description": "Тест проверяет появление номера заказа в списке заказов в работе", "steps": [{"name": "Создаём заказ", "status": "broken", "statusDetails": {"message": "selenium.common.exceptions.ElementNotInteractableException: Message: Element <button class=\"Modal_modal__close_modified__3V5XS Modal_modal__close__TnseK\" type=\"button\"> could not be scrolled into view\nStacktrace:\nRemoteError@chrome://remote/content/shared/RemoteError.sys.mjs:8:8\nWebDriverError@chrome://remote/content/shared/webdriver/Errors.sys.mjs:192:5\nElementNotInteractableError@chrome://remote/content/shared/webdriver/Errors.sys.mjs:352:5\nwebdriverClickElement@chrome://remote/content/marionette/interaction.sys.mjs:166:11\ninteraction.clickElement@chrome://remote/content/marionette/interaction.sys.mjs:135:11\nclickElement@chrome://remote/content/marionette/actors/MarionetteCommandsChild.sys.mjs:204:29\nreceiveMessage@chrome://remote/content/marionette/actors/MarionetteCommandsChild.sys.mjs:84:31\n\n", "trace": "  File \"/Users/elvira/PycharmProjects/Diplm3/.venv/lib/python3.11/site-packages/allure_commons/_allure.py\", line 192, in impl\n    return func(*a, **kw)\n           ^^^^^^^^^^^^^^\n  File \"/Users/elvira/PycharmProjects/Diplm3/Diplom_3/pages/main_page.py\", line 56, in create_order\n    self.get_modal_close_button().click()\n  File \"/Users/elvira/PycharmProjects/Diplm3/Diplom_3/pages/base_page.py\", line 25, in <lambda>\n    element.click = lambda: self.patched_click(element, original_click)\n                            ^^^^^^^^^^^^^^^^^^^^^^^^^^^^^^^^^^^^^^^^^^^\n  File \"/Users/elvira/PycharmProjects/Diplm3/Diplom_3/pages/base_page.py\", line 96, in patched_click\n    original_click()\n  File \"/Users/elvira/PycharmProjects/Diplm3/.venv/lib/python3.11/site-packages/selenium/webdriver/remote/webelement.py\", line 94, in click\n    self._execute(Command.CLICK_ELEMENT)\n  File \"/Users/elvira/PycharmProjects/Diplm3/.venv/lib/python3.11/site-packages/selenium/webdriver/remote/webelement.py\", line 395, in _execute\n    return self._parent.execute(command, params)\n           ^^^^^^^^^^^^^^^^^^^^^^^^^^^^^^^^^^^^^\n  File \"/Users/elvira/PycharmProjects/Diplm3/.venv/lib/python3.11/site-packages/selenium/webdriver/remote/webdriver.py\", line 347, in execute\n    self.error_handler.check_response(response)\n  File \"/Users/elvira/PycharmProjects/Diplm3/.venv/lib/python3.11/site-packages/selenium/webdriver/remote/errorhandler.py\", line 229, in check_response\n    raise exception_class(message, screen, stacktrace)\n"}, "steps": [{"name": "Перетащить первый ингредиент на верхний слот ингредиентов", "status": "passed", "steps": [{"name": "Найти ссылку на первый ингредиент", "status": "passed", "steps": [{"name": "Ищем элемент на странице", "status": "passed", "parameters": [{"name": "locator", "value": "('xpath', '(.//div[contains(@class,\"BurgerIngredient_ingredient\")])[1]')"}], "start": 1716061024839, "stop": 1716061024842}], "start": 1716061024839, "stop": 1716061024842}, {"name": "Ищем элемент на странице", "status": "passed", "parameters": [{"name": "locator", "value": "('xpath', './/div[contains(@class,\"constructor-element constructor-element_pos_top\")]')"}], "start": 1716061024842, "stop": 1716061024845}, {"name": "Перетаскиваем элемент", "status": "passed", "parameters": [{"name": "drag_element", "value": "<selenium.webdriver.remote.webelement.WebElement (session=\"eb1b604f-8347-4bd0-82e4-cab69b89f96c\", element=\"20a0c5e3-540e-46e9-89f3-269eefe7fff0\")>"}, {"name": "drop_element", "value": "<selenium.webdriver.remote.webelement.WebElement (session=\"eb1b604f-8347-4bd0-82e4-cab69b89f96c\", element=\"7ba78157-89cc-4d14-a3ae-476ad4b69271\")>"}], "start": 1716061024845, "stop": 1716061025391}], "start": 1716061024839, "stop": 1716061025391}, {"name": "Найти кнопку для создания заказа", "status": "passed", "steps": [{"name": "Ищем элемент на странице", "status": "passed", "parameters": [{"name": "locator", "value": "('xpath', './/button[text()=\"Оформить заказ\"]')"}], "start": 1716061025392, "stop": 1716061025394}], "start": 1716061025392, "stop": 1716061025394}, {"name": "Проверяем, исчезнет ли заданный текст за отведённое время", "status": "passed", "parameters": [{"name": "timeout", "value": "15"}, {"name": "locator", "value": "('xpath', './/div[contains(@class,\"Modal_modal__contentBox\")]/h2')"}, {"name": "text", "value": "'9999'"}], "start": 1716061025406, "stop": 1716061045009}, {"name": "Найти кнопку для закрытия модального окна", "status": "passed", "steps": [{"name": "Ищем элемент на странице", "status": "passed", "parameters": [{"name": "locator", "value": "('xpath', './/button[contains(@class,\"Modal_modal__close_modified\")]')"}], "start": 1716061045010, "stop": 1716061045034}], "start": 1716061045009, "stop": 1716061045034}], "parameters": [{"name": "credentials", "value": "{'email': 'gidigddl@ya.ru', 'password': 'lgggmiraqupt', 'name': 'tabppokb'}"}], "start": 1716061024839, "stop": 1716061045043}], "parameters": [{"name": "driver", "value": "'firefox'"}], "start": 1716061024839, "stop": 1716061045221, "uuid": "04567236-2b5e-4a9b-87e0-5da09118ebc2", "historyId": "11b241b3eaa5f37786ce7e5e1f398d67", "testCaseId": "b182fcae61c8f6f9f3982fca9c8de421", "fullName": "Diplom_3.tests.test_orders.TestOrdersFeed#test_create_new_order_updates_list_of_in_work_orders", "labels": [{"name": "parentSuite", "value": "Diplom_3.tests"}, {"name": "suite", "value": "test_orders"}, {"name": "subSuite", "value": "TestOrdersFeed"}, {"name": "host", "value": "MacBook-Pro-Grigorij.local"}, {"name": "thread", "value": "41748-MainThread"}, {"name": "framework", "value": "pytest"}, {"name": "language", "value": "cpython3"}, {"name": "package", "value": "Diplom_3.tests.test_orders"}]}